2024-09-17 23:57:35,014 [INFO] Activator:177 - 


2024-09-17 23:57:35,015 [INFO] Activator:178 - !SESSION log4j initialized
2024-09-17 23:57:52,553 [INFO] McuFinderGlobals:39 - Set McuFinder mode to 2 (CubeIDE integrated)
2024-09-17 23:57:52,709 [INFO] ApplicationProperties:181 - Using Application install path: C:\ST\STM32CubeIDE_1.7.0\STM32CubeIDE\plugins\com.st.stm32cube.common.mx_6.3.0.202107141111
2024-09-17 23:57:52,715 [INFO] DbMcusXml:74 - Set database path to: C:\ST\STM32CubeIDE_1.7.0\STM32CubeIDE\plugins\com.st.stm32cube.common.mx_6.3.0.202107141111\\db\/mcu/
2024-09-17 23:57:52,716 [INFO] DbBoardsPdsc:56 - Set plugin database path to: C:\ST\STM32CubeIDE_1.7.0\STM32CubeIDE\plugins\com.st.stm32cube.common.mx_6.3.0.202107141111\\db\/plugins/boardmanager/
2024-09-17 23:57:52,718 [INFO] DbMcus:258 - Set plugin images path to: C:\ST\STM32CubeIDE_1.7.0\STM32CubeIDE\plugins\com.st.stm32cube.common.mx_6.3.0.202107141111\\db\/plugins/mcufinder/images/
2024-09-17 23:57:52,718 [INFO] DbBoards:264 - Set plugin images path to: C:\ST\STM32CubeIDE_1.7.0\STM32CubeIDE\plugins\com.st.stm32cube.common.mx_6.3.0.202107141111\\db\/plugins/mcufinder/images/
2024-09-17 23:57:52,719 [INFO] DbExamples:333 - Set plugin images path to: C:\ST\STM32CubeIDE_1.7.0\STM32CubeIDE\plugins\com.st.stm32cube.common.mx_6.3.0.202107141111\\db\/plugins/mcufinder/images/
2024-09-17 23:57:52,721 [INFO] DbMcusAds:119 - Set database path to: C:\Users\PC\.stmcufinder\plugins\mcufinder//mcu/
2024-09-17 23:57:52,722 [INFO] DbMcusDocs:110 - Set database path to: C:\Users\PC\.stmcufinder\plugins\mcufinder//mcu/
2024-09-17 23:57:52,723 [INFO] DbMcusJson:64 - Set database path to: C:\Users\PC\.stmcufinder\plugins\mcufinder//mcu/
2024-09-17 23:57:52,723 [INFO] DbBoardsDocs:110 - Set database path to: C:\Users\PC\.stmcufinder\plugins\mcufinder//mcu/
2024-09-17 23:57:52,723 [INFO] DbBoardsJson:57 - Set database path to: C:\Users\PC\.stmcufinder\plugins\mcufinder//mcu/
2024-09-17 23:57:52,733 [INFO] CrossReferenceDbSqlite:196 - Set database path to: C:\Users\PC\.stmcufinder\plugins\mcufinder//mcu/cs/
2024-09-17 23:57:52,735 [INFO] DbExamplesSqlite:767 - Set database path to: C:\Users\PC\.stmcufinder\plugins\mcufinder//mcu/
2024-09-17 23:57:52,782 [INFO] RulesReader:57 - Compatibility file has been processed (242 Rules)
2024-09-17 23:57:52,818 [INFO] DbMcusXml:74 - Set database path to: C:\ST\STM32CubeIDE_1.7.0\STM32CubeIDE\plugins\com.st.stm32cube.common.mx_6.3.0.202107141111\\db\/mcu/
2024-09-17 23:57:52,818 [INFO] DbBoardsPdsc:56 - Set plugin database path to: C:\ST\STM32CubeIDE_1.7.0\STM32CubeIDE\plugins\com.st.stm32cube.common.mx_6.3.0.202107141111\\db\/plugins/boardmanager/
2024-09-17 23:57:52,818 [INFO] DbMcus:258 - Set plugin images path to: C:\ST\STM32CubeIDE_1.7.0\STM32CubeIDE\plugins\com.st.stm32cube.common.mx_6.3.0.202107141111\\db\/plugins/mcufinder/images/
2024-09-17 23:57:52,819 [INFO] DbBoards:264 - Set plugin images path to: C:\ST\STM32CubeIDE_1.7.0\STM32CubeIDE\plugins\com.st.stm32cube.common.mx_6.3.0.202107141111\\db\/plugins/mcufinder/images/
2024-09-17 23:57:52,819 [INFO] DbExamples:333 - Set plugin images path to: C:\ST\STM32CubeIDE_1.7.0\STM32CubeIDE\plugins\com.st.stm32cube.common.mx_6.3.0.202107141111\\db\/plugins/mcufinder/images/
2024-09-17 23:57:52,819 [WARN] DbFile:35 - Overriding database path with different value: C:\Users\PC\.stmcufinder\plugins\mcufinder/ => C:\Users\PC\.stmcufinder\plugins\mcufinder
2024-09-17 23:57:52,819 [INFO] DbMcusAds:119 - Set database path to: C:\Users\PC\.stmcufinder\plugins\mcufinder//mcu/
2024-09-17 23:57:52,819 [WARN] DbFile:35 - Overriding database path with different value: C:\Users\PC\.stmcufinder\plugins\mcufinder/ => C:\Users\PC\.stmcufinder\plugins\mcufinder
2024-09-17 23:57:52,819 [INFO] DbMcusDocs:110 - Set database path to: C:\Users\PC\.stmcufinder\plugins\mcufinder//mcu/
2024-09-17 23:57:52,819 [WARN] DbFile:35 - Overriding database path with different value: C:\Users\PC\.stmcufinder\plugins\mcufinder/ => C:\Users\PC\.stmcufinder\plugins\mcufinder
2024-09-17 23:57:52,819 [INFO] DbMcusJson:64 - Set database path to: C:\Users\PC\.stmcufinder\plugins\mcufinder//mcu/
2024-09-17 23:57:52,819 [WARN] DbFile:35 - Overriding database path with different value: C:\Users\PC\.stmcufinder\plugins\mcufinder/ => C:\Users\PC\.stmcufinder\plugins\mcufinder
2024-09-17 23:57:52,819 [INFO] DbBoardsDocs:110 - Set database path to: C:\Users\PC\.stmcufinder\plugins\mcufinder//mcu/
2024-09-17 23:57:52,819 [WARN] DbFile:35 - Overriding database path with different value: C:\Users\PC\.stmcufinder\plugins\mcufinder/ => C:\Users\PC\.stmcufinder\plugins\mcufinder
2024-09-17 23:57:52,819 [INFO] DbBoardsJson:57 - Set database path to: C:\Users\PC\.stmcufinder\plugins\mcufinder//mcu/
2024-09-17 23:57:52,819 [WARN] DbFile:35 - Overriding database path with different value: C:\Users\PC\.stmcufinder\plugins\mcufinder/ => C:\Users\PC\.stmcufinder\plugins\mcufinder
2024-09-17 23:57:52,819 [WARN] DbFile:35 - Overriding database path with different value: C:\Users\PC\.stmcufinder\plugins\mcufinder/ => C:\Users\PC\.stmcufinder\plugins\mcufinder
2024-09-17 23:57:52,819 [INFO] CrossReferenceDbSqlite:196 - Set database path to: C:\Users\PC\.stmcufinder\plugins\mcufinder//mcu/cs/
2024-09-17 23:57:52,819 [WARN] DbFile:35 - Overriding database path with different value: C:\Users\PC\.stmcufinder\plugins\mcufinder/ => C:\Users\PC\.stmcufinder\plugins\mcufinder
2024-09-17 23:57:52,819 [INFO] DbExamplesSqlite:767 - Set database path to: C:\Users\PC\.stmcufinder\plugins\mcufinder//mcu/
2024-09-17 23:57:52,848 [INFO] MainPanel:214 - HeapMemory: 268435456
2024-09-17 23:57:52,882 [INFO] DbMcusXml:74 - Set database path to: C:\ST\STM32CubeIDE_1.7.0\STM32CubeIDE\plugins\com.st.stm32cube.common.mx_6.3.0.202107141111\\db\/mcu/
2024-09-17 23:57:52,882 [INFO] DbBoardsPdsc:56 - Set plugin database path to: C:\ST\STM32CubeIDE_1.7.0\STM32CubeIDE\plugins\com.st.stm32cube.common.mx_6.3.0.202107141111\\db\/plugins/boardmanager/
2024-09-17 23:57:52,882 [INFO] DbMcus:258 - Set plugin images path to: C:\ST\STM32CubeIDE_1.7.0\STM32CubeIDE\plugins\com.st.stm32cube.common.mx_6.3.0.202107141111\\db\/plugins/mcufinder/images/
2024-09-17 23:57:52,882 [INFO] DbBoards:264 - Set plugin images path to: C:\ST\STM32CubeIDE_1.7.0\STM32CubeIDE\plugins\com.st.stm32cube.common.mx_6.3.0.202107141111\\db\/plugins/mcufinder/images/
2024-09-17 23:57:52,882 [INFO] DbExamples:333 - Set plugin images path to: C:\ST\STM32CubeIDE_1.7.0\STM32CubeIDE\plugins\com.st.stm32cube.common.mx_6.3.0.202107141111\\db\/plugins/mcufinder/images/
2024-09-17 23:57:52,882 [WARN] DbFile:35 - Overriding database path with different value: C:\Users\PC\.stmcufinder\plugins\mcufinder/ => C:\Users\PC\.stmcufinder\plugins\mcufinder
2024-09-17 23:57:52,882 [INFO] DbMcusAds:119 - Set database path to: C:\Users\PC\.stmcufinder\plugins\mcufinder//mcu/
2024-09-17 23:57:52,882 [WARN] DbFile:35 - Overriding database path with different value: C:\Users\PC\.stmcufinder\plugins\mcufinder/ => C:\Users\PC\.stmcufinder\plugins\mcufinder
2024-09-17 23:57:52,882 [INFO] DbMcusDocs:110 - Set database path to: C:\Users\PC\.stmcufinder\plugins\mcufinder//mcu/
2024-09-17 23:57:52,882 [WARN] DbFile:35 - Overriding database path with different value: C:\Users\PC\.stmcufinder\plugins\mcufinder/ => C:\Users\PC\.stmcufinder\plugins\mcufinder
2024-09-17 23:57:52,882 [INFO] DbMcusJson:64 - Set database path to: C:\Users\PC\.stmcufinder\plugins\mcufinder//mcu/
2024-09-17 23:57:52,882 [WARN] DbFile:35 - Overriding database path with different value: C:\Users\PC\.stmcufinder\plugins\mcufinder/ => C:\Users\PC\.stmcufinder\plugins\mcufinder
2024-09-17 23:57:52,882 [INFO] DbBoardsDocs:110 - Set database path to: C:\Users\PC\.stmcufinder\plugins\mcufinder//mcu/
2024-09-17 23:57:52,882 [WARN] DbFile:35 - Overriding database path with different value: C:\Users\PC\.stmcufinder\plugins\mcufinder/ => C:\Users\PC\.stmcufinder\plugins\mcufinder
2024-09-17 23:57:52,882 [INFO] DbBoardsJson:57 - Set database path to: C:\Users\PC\.stmcufinder\plugins\mcufinder//mcu/
2024-09-17 23:57:52,883 [WARN] DbFile:35 - Overriding database path with different value: C:\Users\PC\.stmcufinder\plugins\mcufinder/ => C:\Users\PC\.stmcufinder\plugins\mcufinder
2024-09-17 23:57:52,883 [WARN] DbFile:35 - Overriding database path with different value: C:\Users\PC\.stmcufinder\plugins\mcufinder/ => C:\Users\PC\.stmcufinder\plugins\mcufinder
2024-09-17 23:57:52,883 [INFO] CrossReferenceDbSqlite:196 - Set database path to: C:\Users\PC\.stmcufinder\plugins\mcufinder//mcu/cs/
2024-09-17 23:57:52,883 [WARN] DbFile:35 - Overriding database path with different value: C:\Users\PC\.stmcufinder\plugins\mcufinder/ => C:\Users\PC\.stmcufinder\plugins\mcufinder
2024-09-17 23:57:52,883 [INFO] DbExamplesSqlite:767 - Set database path to: C:\Users\PC\.stmcufinder\plugins\mcufinder//mcu/
2024-09-17 23:57:52,891 [INFO] ApplicationProperties:181 - Using Application install path: C:\ST\STM32CubeIDE_1.7.0\STM32CubeIDE\plugins\com.st.stm32cube.common.mx_6.3.0.202107141111
2024-09-17 23:57:52,892 [INFO] PluginManage:188 - Search for loadable plugins [exclusion list=, ]
2024-09-17 23:57:52,892 [INFO] PluginManage:302 - Check plugin analytics
2024-09-17 23:57:52,971 [INFO] AnalyticsPlugin:257 - Accepted Software Licenses: 
2024-09-17 23:57:52,972 [INFO] AnalyticsPlugin:259 - Accepted CMSIS Pack Licenses: 
2024-09-17 23:57:52,972 [INFO] AnalyticsPlugin:261 - Accepted Firmware Licenses: 
2024-09-17 23:57:52,972 [INFO] PluginManage:352 - Loaded plugin analytics (category:tool,tabindex:-1)
2024-09-17 23:57:52,972 [INFO] PluginManage:302 - Check plugin clock
2024-09-17 23:57:52,978 [INFO] PluginManage:352 - Loaded plugin clock (category:base,tabindex:2)
2024-09-17 23:57:52,978 [INFO] PluginManage:302 - Check plugin ddr
2024-09-17 23:57:52,978 [INFO] PluginManage:352 - Loaded plugin ddr (category:tool,tabindex:6)
2024-09-17 23:57:52,978 [INFO] PluginManage:302 - Check plugin filemanager
2024-09-17 23:57:53,043 [INFO] PluginManage:352 - Loaded plugin filemanager (category:base,tabindex:10)
2024-09-17 23:57:53,043 [INFO] PluginManage:302 - Check plugin ipmanager
2024-09-17 23:57:53,048 [INFO] PluginManage:352 - Loaded plugin ipmanager (category:base,tabindex:5)
2024-09-17 23:57:53,048 [INFO] PluginManage:302 - Check plugin pinoutandconfiguration
2024-09-17 23:57:53,052 [INFO] PluginManage:352 - Loaded plugin pinoutandconfiguration (category:base,tabindex:1)
2024-09-17 23:57:53,052 [INFO] PluginManage:302 - Check plugin pinoutconfig
2024-09-17 23:57:53,066 [INFO] PluginManage:352 - Loaded plugin pinoutconfig (category:base,tabindex:0)
2024-09-17 23:57:53,066 [INFO] PluginManage:302 - Check plugin power
2024-09-17 23:57:53,070 [INFO] PluginManage:352 - Loaded plugin power (category:power,tabindex:4)
2024-09-17 23:57:53,070 [INFO] PluginManage:302 - Check plugin projectmanager
2024-09-17 23:57:53,090 [INFO] PluginManage:352 - Loaded plugin projectmanager (category:projectmanager,tabindex:3)
2024-09-17 23:57:53,090 [INFO] PluginManage:302 - Check plugin thirdparty
2024-09-17 23:57:53,155 [INFO] PluginManage:352 - Loaded plugin thirdparty (category:base,tabindex:-1)
2024-09-17 23:57:53,155 [WARN] IntegrityCheckThread:78 - waiting for thirdparty lock release [integrity check]
2024-09-17 23:57:53,155 [INFO] PluginManage:302 - Check plugin tools
2024-09-17 23:57:53,155 [INFO] IntegrityCheckThread:80 - entering critical section [integrity check]
2024-09-17 23:57:53,156 [INFO] ThirdPartyUpdaterWithRetryManager:66 - Updater plugin not ready yet. [1/15]
2024-09-17 23:57:53,156 [INFO] PluginManage:352 - Loaded plugin tools (category:base,tabindex:7)
2024-09-17 23:57:53,156 [INFO] PluginManage:302 - Check plugin tutovideos
2024-09-17 23:57:53,259 [INFO] PluginManage:352 - Loaded plugin tutovideos (category:base,tabindex:-1)
2024-09-17 23:57:53,259 [INFO] PluginManage:302 - Check plugin updater
2024-09-17 23:57:53,265 [INFO] PluginManage:352 - Loaded plugin updater (category:base,tabindex:12)
2024-09-17 23:57:53,265 [INFO] PluginManage:275 - PluginManage : Loaded plugins [13]
2024-09-17 23:57:53,349 [INFO] PinOutPanel:1463 - setPackage(No Configuration,No Configuration)
2024-09-17 23:57:53,393 [INFO] IPUIPlugin:74 - create IPUIPlugin
2024-09-17 23:57:53,393 [INFO] PluginManager:213 - loadIPPluginJar : add adc
2024-09-17 23:57:53,394 [INFO] IPUIPlugin:74 - create IPUIPlugin
2024-09-17 23:57:53,394 [INFO] PluginManager:213 - loadIPPluginJar : add aes
2024-09-17 23:57:53,395 [INFO] IPUIPlugin:74 - create IPUIPlugin
2024-09-17 23:57:53,395 [INFO] PluginManager:213 - loadIPPluginJar : add can
2024-09-17 23:57:53,396 [INFO] IPUIPlugin:74 - create IPUIPlugin
2024-09-17 23:57:53,396 [INFO] PluginManager:213 - loadIPPluginJar : add comp
2024-09-17 23:57:53,398 [INFO] IPUIPlugin:74 - create IPUIPlugin
2024-09-17 23:57:53,398 [INFO] PluginManager:213 - loadIPPluginJar : add cryp
2024-09-17 23:57:53,399 [INFO] IPUIPlugin:74 - create IPUIPlugin
2024-09-17 23:57:53,399 [INFO] PluginManager:213 - loadIPPluginJar : add dfsdm
2024-09-17 23:57:53,402 [INFO] IPUIPlugin:74 - create IPUIPlugin
2024-09-17 23:57:53,403 [INFO] PluginManager:213 - loadIPPluginJar : add dma
2024-09-17 23:57:53,404 [INFO] IPUIPlugin:74 - create IPUIPlugin
2024-09-17 23:57:53,404 [INFO] PluginManager:213 - loadIPPluginJar : add dma3
2024-09-17 23:57:53,404 [INFO] IPUIPlugin:74 - create IPUIPlugin
2024-09-17 23:57:53,404 [INFO] PluginManager:213 - loadIPPluginJar : add fatfs
2024-09-17 23:57:53,407 [INFO] IPUIPlugin:74 - create IPUIPlugin
2024-09-17 23:57:53,407 [INFO] PluginManager:213 - loadIPPluginJar : add fmc
2024-09-17 23:57:53,409 [INFO] IPUIPlugin:74 - create IPUIPlugin
2024-09-17 23:57:53,409 [INFO] PluginManager:213 - loadIPPluginJar : add freertos
2024-09-17 23:57:53,410 [INFO] IPUIPlugin:74 - create IPUIPlugin
2024-09-17 23:57:53,410 [INFO] PluginManager:213 - loadIPPluginJar : add genericplugin
2024-09-17 23:57:53,411 [INFO] IPUIPlugin:74 - create IPUIPlugin
2024-09-17 23:57:53,411 [INFO] PluginManager:213 - loadIPPluginJar : add gfxmmu
2024-09-17 23:57:53,414 [INFO] IPUIPlugin:74 - create IPUIPlugin
2024-09-17 23:57:53,414 [INFO] PluginManager:213 - loadIPPluginJar : add gic
2024-09-17 23:57:53,416 [INFO] IPUIPlugin:74 - create IPUIPlugin
2024-09-17 23:57:53,416 [INFO] PluginManager:213 - loadIPPluginJar : add gpio
2024-09-17 23:57:53,416 [INFO] IPUIPlugin:74 - create IPUIPlugin
2024-09-17 23:57:53,416 [INFO] PluginManager:213 - loadIPPluginJar : add gtzc
2024-09-17 23:57:53,419 [INFO] IPUIPlugin:74 - create IPUIPlugin
2024-09-17 23:57:53,419 [INFO] PluginManager:213 - loadIPPluginJar : add hash
2024-09-17 23:57:53,420 [INFO] IPUIPlugin:74 - create IPUIPlugin
2024-09-17 23:57:53,420 [INFO] PluginManager:213 - loadIPPluginJar : add i2c
2024-09-17 23:57:53,421 [INFO] IPUIPlugin:74 - create IPUIPlugin
2024-09-17 23:57:53,421 [INFO] PluginManager:213 - loadIPPluginJar : add i2s
2024-09-17 23:57:53,423 [INFO] IPUIPlugin:74 - create IPUIPlugin
2024-09-17 23:57:53,423 [INFO] PluginManager:213 - loadIPPluginJar : add ipddr
2024-09-17 23:57:53,427 [INFO] IPUIPlugin:74 - create IPUIPlugin
2024-09-17 23:57:53,427 [INFO] PluginManager:213 - loadIPPluginJar : add linkedlist
2024-09-17 23:57:53,428 [INFO] IPUIPlugin:74 - create IPUIPlugin
2024-09-17 23:57:53,428 [INFO] PluginManager:213 - loadIPPluginJar : add lorawan
2024-09-17 23:57:53,428 [INFO] IPUIPlugin:74 - create IPUIPlugin
2024-09-17 23:57:53,428 [INFO] PluginManager:213 - loadIPPluginJar : add ltdc
2024-09-17 23:57:53,431 [INFO] IPUIPlugin:74 - create IPUIPlugin
2024-09-17 23:57:53,431 [INFO] PluginManager:213 - loadIPPluginJar : add mdma
2024-09-17 23:57:53,433 [INFO] IPUIPlugin:74 - create IPUIPlugin
2024-09-17 23:57:53,433 [INFO] PluginManager:213 - loadIPPluginJar : add nvic
2024-09-17 23:57:53,435 [INFO] IPUIPlugin:74 - create IPUIPlugin
2024-09-17 23:57:53,435 [INFO] PluginManager:213 - loadIPPluginJar : add opamp
2024-09-17 23:57:53,436 [INFO] IPUIPlugin:74 - create IPUIPlugin
2024-09-17 23:57:53,436 [INFO] PluginManager:213 - loadIPPluginJar : add openamp
2024-09-17 23:57:53,437 [INFO] IPUIPlugin:74 - create IPUIPlugin
2024-09-17 23:57:53,437 [INFO] PluginManager:213 - loadIPPluginJar : add pdm2pcm
2024-09-17 23:57:53,440 [INFO] IPUIPlugin:74 - create IPUIPlugin
2024-09-17 23:57:53,441 [INFO] PluginManager:213 - loadIPPluginJar : add plateformsettings
2024-09-17 23:57:53,442 [INFO] IPUIPlugin:74 - create IPUIPlugin
2024-09-17 23:57:53,442 [INFO] PluginManager:213 - loadIPPluginJar : add quadspi
2024-09-17 23:57:53,444 [INFO] IPUIPlugin:74 - create IPUIPlugin
2024-09-17 23:57:53,444 [INFO] PluginManager:213 - loadIPPluginJar : add resmgrutility
2024-09-17 23:57:53,446 [INFO] IPUIPlugin:74 - create IPUIPlugin
2024-09-17 23:57:53,446 [INFO] PluginManager:213 - loadIPPluginJar : add sai
2024-09-17 23:57:53,446 [INFO] IPUIPlugin:74 - create IPUIPlugin
2024-09-17 23:57:53,446 [INFO] PluginManager:213 - loadIPPluginJar : add spi
2024-09-17 23:57:53,449 [INFO] IPUIPlugin:74 - create IPUIPlugin
2024-09-17 23:57:53,449 [INFO] PluginManager:213 - loadIPPluginJar : add stm32_wpan
2024-09-17 23:57:53,450 [INFO] IPUIPlugin:74 - create IPUIPlugin
2024-09-17 23:57:53,450 [INFO] PluginManager:213 - loadIPPluginJar : add tim
2024-09-17 23:57:53,463 [INFO] IPUIPlugin:74 - create IPUIPlugin
2024-09-17 23:57:53,463 [INFO] PluginManager:213 - loadIPPluginJar : add touchsensing
2024-09-17 23:57:53,465 [INFO] IPUIPlugin:74 - create IPUIPlugin
2024-09-17 23:57:53,466 [INFO] PluginManager:213 - loadIPPluginJar : add tracer_emb
2024-09-17 23:57:53,467 [INFO] IPUIPlugin:74 - create IPUIPlugin
2024-09-17 23:57:53,468 [INFO] PluginManager:213 - loadIPPluginJar : add ts
2024-09-17 23:57:53,468 [INFO] IPUIPlugin:74 - create IPUIPlugin
2024-09-17 23:57:53,468 [INFO] PluginManager:213 - loadIPPluginJar : add tsc
2024-09-17 23:57:53,469 [INFO] IPUIPlugin:74 - create IPUIPlugin
2024-09-17 23:57:53,469 [INFO] PluginManager:213 - loadIPPluginJar : add ucpd
2024-09-17 23:57:53,470 [INFO] IPUIPlugin:74 - create IPUIPlugin
2024-09-17 23:57:53,470 [INFO] PluginManager:213 - loadIPPluginJar : add usart
2024-09-17 23:57:53,472 [INFO] IPUIPlugin:74 - create IPUIPlugin
2024-09-17 23:57:53,472 [INFO] PluginManager:213 - loadIPPluginJar : add usbx
2024-09-17 23:57:53,664 [FATAL] Updater:294 - Updater called before beeing initialized
2024-09-17 23:57:53,721 [FATAL] Updater:294 - Updater called before beeing initialized
2024-09-17 23:57:53,723 [INFO] DbMcusAds:47 - JSON generation date=Mon Sep 16 21:39:53 ICT 2024 (1726497593759)
2024-09-17 23:57:53,724 [FATAL] Updater:294 - Updater called before beeing initialized
2024-09-17 23:57:53,741 [WARN] DetailPanel:314 - Failed to get advertising image, set to default
2024-09-17 23:57:53,791 [FATAL] Updater:294 - Updater called before beeing initialized
2024-09-17 23:57:53,792 [FATAL] Updater:294 - Updater called before beeing initialized
2024-09-17 23:57:53,793 [FATAL] Updater:294 - Updater called before beeing initialized
2024-09-17 23:57:53,793 [WARN] DetailPanel:314 - Failed to get advertising image, set to default
2024-09-17 23:57:53,793 [FATAL] Updater:294 - Updater called before beeing initialized
2024-09-17 23:57:53,821 [ERROR] Updater:1075 - MainUpdater not yet initialized. External WinMGr cannot be set.
2024-09-17 23:57:53,822 [INFO] Updater:1012 - Updater Version found : 6.3.0
2024-09-17 23:57:53,834 [INFO] ApplicationProperties:181 - Using Application install path: C:\ST\STM32CubeIDE_1.7.0\STM32CubeIDE\plugins\com.st.stm32cube.common.mx_6.3.0.202107141111
2024-09-17 23:57:53,947 [INFO] MainUpdater:2671 - connection check result : 10
2024-09-17 23:57:53,947 [INFO] MainUpdater:265 - Updater Check For Update Now.
2024-09-17 23:57:53,947 [INFO] MicroXplorer:478 - Change Database Version : DB.6.0.30
2024-09-17 23:57:54,076 [INFO] CheckServerUpdateThread:112 - End of CheckServer Thread
2024-09-17 23:57:54,170 [INFO] MainUpdater:2671 - connection check result : 10
2024-09-17 23:57:54,278 [INFO] McuFinderGlobals:52 - Set McuFinderConnectedMode to false
2024-09-17 23:57:54,321 [INFO] CrossSelectorPresenter:1330 - Cross Selector saved comparison directory: C:\Users\PC\.stmcufinder\plugins\mcufinder\mcu\cs_comparisons_mx
2024-09-17 23:57:54,323 [INFO] MultiScanPanel:197 - Auto-refresh data requested => check proxy status ongoing
2024-09-17 23:57:54,324 [INFO] MultiScanPanel:201 - Proxy status is invalid
2024-09-17 23:57:54,325 [INFO] FinderPluginLoader:87 - Searching for filters in installed packs
2024-09-17 23:57:54,326 [INFO] DbMcusXml:100 - Load MCU database from C:\ST\STM32CubeIDE_1.7.0\STM32CubeIDE\plugins\com.st.stm32cube.common.mx_6.3.0.202107141111\\db\/mcu/families.xml
2024-09-17 23:57:54,750 [INFO] DbMcusJson:93 - JSON generation date=Tue Nov 16 23:17:54 ICT 2021 (1637079474)
2024-09-17 23:57:55,101 [INFO] DbMcus:175 - Found 1951 MCUs (1903 are supported by CubeMX, 1914 are visible in CubeMX)
2024-09-17 23:57:55,102 [INFO] ApiDb:251 - Load user favorites file C:\Users\PC/.stm32cubeide/favorites.mcus.txt: 0 item(s)
2024-09-17 23:57:55,102 [INFO] ApiDb:255 - User favorites MCUs=[]
2024-09-17 23:57:55,102 [INFO] DbMcus:187 - Set 0 / 0 favorites MCUs
2024-09-17 23:57:55,422 [INFO] DetailPanel:309 - Set advertising image to C:/Users/PC/STM32Cube/Repository/\en.prom-stm32c071-usb-memories-mcu-finder.png
2024-09-17 23:57:55,721 [INFO] DbBoardsPdsc:90 - Found 25 items
2024-09-17 23:57:55,722 [INFO] DbBoardsPdsc:90 - Found 9 items
2024-09-17 23:57:55,724 [INFO] DbBoardsPdsc:90 - Found 33 items
2024-09-17 23:57:55,724 [INFO] DbBoardsPdsc:90 - Found 1 items
2024-09-17 23:57:55,728 [INFO] DbBoardsPdsc:90 - Found 48 items
2024-09-17 23:57:55,732 [INFO] DbBoardsPdsc:90 - Found 43 items
2024-09-17 23:57:55,733 [INFO] DbBoardsPdsc:90 - Found 2 items
2024-09-17 23:57:55,734 [INFO] DbBoardsPdsc:90 - Found 5 items
2024-09-17 23:57:55,744 [WARN] DbBoardsPdsc:254 - Board STM32H7B3I-DK: unknown feature type=Audio, name=, username=Audio stereo codec with Headphone Amp (CS42L51-CNZ), n=1
2024-09-17 23:57:55,744 [WARN] DbBoardsPdsc:254 - Board STM32H735G-DK: unknown feature type=Audio, name=, username=Audio stereo codec with Headphone Amp (WM8994ECS/R), n=1
2024-09-17 23:57:55,745 [WARN] DbBoardsPdsc:254 - Board STM32H7B3I-EVAL: unknown feature type=Audio, name=, username=Multi-Channel Audio Codec (CS42L51-CNZ), n=1
2024-09-17 23:57:55,745 [WARN] DbBoardsPdsc:254 - Board STM32H7B3I-EVAL: unknown feature type=Meter, name=, username=Power-metering and Temperature-monitoring with sigma-delta modulators, n=1
2024-09-17 23:57:55,745 [WARN] DbBoardsPdsc:254 - Board STM32H7B3I-EVAL: unknown feature type=Motor, name=, username=Motor Control, n=1
2024-09-17 23:57:55,746 [WARN] DbBoardsPdsc:254 - Board STM32U575I-EV: unknown feature type=joystick, name=, username=4-direction joystick with selection button, n=1
2024-09-17 23:57:55,766 [INFO] DbBoardsJson:86 - JSON generation date=Tue Nov 16 23:17:54 ICT 2021 (1637079474)
2024-09-17 23:57:55,771 [INFO] DbBoards:117 - Found 167 boards (163 are supported by CubeMX)
2024-09-17 23:57:55,772 [INFO] DbBoardsDocs:143 - JSON generation date=Tue Nov 16 23:17:54 ICT 2021 (1637079474)
2024-09-17 23:57:55,778 [INFO] DbBoardsDocs:79 - Found 209 boards documents
2024-09-17 23:57:55,779 [WARN] DbBoards:127 - board B-L475E-IOT01A2 has no document id list !
2024-09-17 23:57:55,780 [WARN] DbBoards:127 - board NUCLEO-H743ZI has no document id list !
2024-09-17 23:57:55,781 [WARN] DbBoards:127 - board NUCLEO-WL55JC2 has no document id list !
2024-09-17 23:57:55,781 [WARN] DbBoards:127 - board P-NUCLEO-WB55-Nucleo has no document id list !
2024-09-17 23:57:55,781 [WARN] DbBoards:127 - board P-NUCLEO-WB55-USBDongle has no document id list !
2024-09-17 23:57:55,781 [WARN] DbBoards:127 - board STEVAL-BFA001V1B has no document id list !
2024-09-17 23:57:55,781 [WARN] DbBoards:127 - board STEVAL-BFA001V2B has no document id list !
2024-09-17 23:57:55,781 [WARN] DbBoards:127 - board STEVAL-IDP005V1 has no document id list !
2024-09-17 23:57:55,781 [WARN] DbBoards:127 - board STEVAL-IDP005V2 has no document id list !
2024-09-17 23:57:55,781 [WARN] DbBoards:127 - board STEVAL-MKSBOX1V1 has no document id list !
2024-09-17 23:57:55,781 [WARN] DbBoards:127 - board STEVAL-STWINKT1 has no document id list !
2024-09-17 23:57:55,781 [WARN] DbBoards:127 - board STEVAL-STWINKT1B has no document id list !
2024-09-17 23:57:55,781 [WARN] DbBoards:127 - board STM32439I-EVAL2 has no document id list !
2024-09-17 23:57:55,782 [WARN] DbBoards:127 - board STM32F401C-DISCO has no document id list !
2024-09-17 23:57:55,782 [WARN] DbBoards:127 - board STM32F769I-DISC1 has no document id list !
2024-09-17 23:57:55,782 [WARN] DbBoards:127 - board STM32G474E-EVAL1 has no document id list !
2024-09-17 23:57:55,783 [WARN] DbBoards:127 - board STM32H743I-EVAL2 has no document id list !
2024-09-17 23:57:55,783 [WARN] DbBoards:127 - board STM32H747I-DISC1 has no document id list !
2024-09-17 23:57:55,783 [WARN] DbBoards:127 - board STM32H753I-EVAL2 has no document id list !
2024-09-17 23:57:55,783 [WARN] DbBoards:127 - board STM32L-DISCOVERY has no document id list !
2024-09-17 23:57:55,854 [ERROR] DbBoards:189 - Image file not found for board B-U585I-IOT02A: C:\ST\STM32CubeIDE_1.7.0\STM32CubeIDE\plugins\com.st.stm32cube.common.mx_6.3.0.202107141111\\db\/plugins/mcufinder/images/boards/B-U585I-IOT02A_small.jpg
2024-09-17 23:57:55,909 [ERROR] DbBoards:189 - Image file not found for board NUCLEO-F413ZH: C:\ST\STM32CubeIDE_1.7.0\STM32CubeIDE\plugins\com.st.stm32cube.common.mx_6.3.0.202107141111\\db\/plugins/mcufinder/images/boards/nucleo-f413zh_small.jpg
2024-09-17 23:57:56,019 [ERROR] DbBoards:189 - Image file not found for board NUCLEO-L552ZE-Q: C:\ST\STM32CubeIDE_1.7.0\STM32CubeIDE\plugins\com.st.stm32cube.common.mx_6.3.0.202107141111\\db\/plugins/mcufinder/images/boards/nucleo_l552ze_q_small.jpg
2024-09-17 23:57:56,020 [ERROR] DbBoards:189 - Image file not found for board NUCLEO-U575ZI-Q: C:\ST\STM32CubeIDE_1.7.0\STM32CubeIDE\plugins\com.st.stm32cube.common.mx_6.3.0.202107141111\\db\/plugins/mcufinder/images/boards/nucleo-u575zi-q_small.jpg
2024-09-17 23:57:56,020 [ERROR] DbBoards:189 - Image file not found for board NUCLEO-WB15CC: C:\ST\STM32CubeIDE_1.7.0\STM32CubeIDE\plugins\com.st.stm32cube.common.mx_6.3.0.202107141111\\db\/plugins/mcufinder/images/boards/nucleo-wb15cc_small.jpg
2024-09-17 23:57:56,020 [ERROR] DbBoards:189 - Image file not found for board NUCLEO-WB55RG: C:\ST\STM32CubeIDE_1.7.0\STM32CubeIDE\plugins\com.st.stm32cube.common.mx_6.3.0.202107141111\\db\/plugins/mcufinder/images/boards/nucleo-wb55rg_small.jpg
2024-09-17 23:57:56,215 [ERROR] Engine:463 - C:\Users\PC\.stm32cubemx\thirdparties\pdsc\STMicroelectronics.X-CUBE-SMBUS.2.1.0.pdsc: PDSC version is not supported
2024-09-17 23:57:56,245 [WARN] PackLoader:238 - Cannot read IP mode file for STMicroelectronics.X-CUBE-AZRTOS-F7.1.1.0
2024-09-17 23:57:56,250 [ERROR] Engine:463 - C:\Users\PC\.stm32cubemx\thirdparties\pdsc\emotas.I-CUBE-CANOPEN.1.3.0.pdsc: PDSC version is not supported
2024-09-17 23:57:56,257 [INFO] LogOutputStream:76 - [STDOUT_REDIRECT] 1 : Invalid condition id : UX_CORESTACK_Condition cause : null
2024-09-17 23:57:56,258 [INFO] LogOutputStream:76 - [STDOUT_REDIRECT] 1 : Invalid condition id : UX_CORESTACK_Condition cause : null
2024-09-17 23:57:56,258 [INFO] LogOutputStream:76 - [STDOUT_REDIRECT] 1 : Invalid condition id : UX_CORESTACK_Condition cause : null
2024-09-17 23:57:56,259 [INFO] LogOutputStream:76 - [STDOUT_REDIRECT] 1 : Invalid condition id : UX_CORESTACK_Condition cause : null
2024-09-17 23:57:56,259 [INFO] LogOutputStream:76 - [STDOUT_REDIRECT] 1 : Invalid condition id : UX_CORESTACK_Condition cause : null
2024-09-17 23:57:56,264 [WARN] PackLoader:238 - Cannot read IP mode file for STMicroelectronics.X-CUBE-AZRTOS-WL.2.0.0
2024-09-17 23:57:56,267 [WARN] PackLoader:238 - Cannot read IP mode file for wolfSSL.I-CUBE-wolfMQTT.1.19.0
2024-09-17 23:57:56,272 [WARN] PackLoader:238 - Cannot read IP mode file for WES.I-CUBE-Cesium.1.3.0
2024-09-17 23:57:56,274 [ERROR] Engine:463 - C:\Users\PC\.stm32cubemx\thirdparties\pdsc\STMicroelectronics.X-CUBE-TCPP.4.1.0.pdsc: PDSC version is not supported
2024-09-17 23:57:56,287 [WARN] PackLoader:238 - Cannot read IP mode file for STMicroelectronics.X-CUBE-AZRTOS-G0.1.1.0
2024-09-17 23:57:56,294 [WARN] PackLoader:238 - Cannot read IP mode file for STMicroelectronics.X-CUBE-SAFEA1.1.2.2
2024-09-17 23:57:56,297 [ERROR] Engine:463 - C:\Users\PC\.stm32cubemx\thirdparties\pdsc\EmbeddedOffice.I-CUBE-FS-RTOS.1.0.1.pdsc: PDSC version is not supported
2024-09-17 23:57:56,298 [ERROR] Engine:463 - C:\Users\PC\.stm32cubemx\thirdparties\pdsc\RealThread.X-CUBE-RT-Thread_Nano.4.1.1.pdsc: PDSC version is not supported
2024-09-17 23:57:56,299 [WARN] PackLoader:238 - Cannot read IP mode file for wolfSSL.I-CUBE-wolfSSL.5.7.2
2024-09-17 23:57:56,301 [ERROR] Engine:463 - C:\Users\PC\.stm32cubemx\thirdparties\pdsc\ITTIA_DB.I-CUBE-ITTIADB.8.9.0.pdsc: PDSC version is not supported
2024-09-17 23:57:56,320 [WARN] PackLoader:238 - Cannot read IP mode file for SEGGER.I-CUBE-embOS.1.3.1
2024-09-17 23:57:56,355 [WARN] PackLoader:238 - Cannot read IP mode file for STMicroelectronics.X-CUBE-ALGOBUILD.1.4.0
2024-09-17 23:57:56,363 [WARN] PackLoader:238 - Cannot read IP mode file for STMicroelectronics.X-CUBE-GNSS1.6.0.0
2024-09-17 23:57:56,379 [WARN] PackLoader:238 - Cannot read IP mode file for STMicroelectronics.X-CUBE-AZRTOS-F4.1.1.0
2024-09-17 23:57:56,391 [WARN] PackLoader:238 - Cannot read IP mode file for STMicroelectronics.X-CUBE-AZRTOS-L5.2.0.0
2024-09-17 23:57:56,396 [WARN] PackLoader:238 - Cannot read IP mode file for STMicroelectronics.X-CUBE-NFC7.1.0.1
2024-09-17 23:57:56,408 [WARN] ConditionMgr:437 - getConditionDescription Invalid condition id : LAN8742 Phy interface Condition cause : null
2024-09-17 23:57:56,408 [WARN] PackLoader:238 - Cannot read IP mode file for STMicroelectronics.X-CUBE-AZRTOS-L4.2.0.0
2024-09-17 23:57:56,409 [WARN] ConditionMgr:1038 - genDependencies : Invalid condition id : LAN8742 Phy interface Condition cause : null
2024-09-17 23:57:56,409 [WARN] ConditionMgr:1038 - genDependencies : Invalid condition id : LAN8742 Phy interface Condition cause : null
2024-09-17 23:57:56,409 [WARN] ConditionMgr:1038 - genDependencies : Invalid condition id : LAN8742 Phy interface Condition cause : null
2024-09-17 23:57:56,413 [WARN] PackLoader:238 - Cannot read IP mode file for STMicroelectronics.X-CUBE-SFXS2LP1.4.0.0
2024-09-17 23:57:56,429 [WARN] PackLoader:238 - Cannot read IP mode file for STMicroelectronics.X-CUBE-AZRTOS-H7.3.3.0
2024-09-17 23:57:56,439 [WARN] ConditionMgr:437 - getConditionDescription Invalid condition id : UX DEVICE CLASS RTOS Condition cause : null
2024-09-17 23:57:56,439 [WARN] ConditionMgr:437 - getConditionDescription Invalid condition id : UX DEVICE CLASS RTOS Condition cause : null
2024-09-17 23:57:56,443 [WARN] PackLoader:238 - Cannot read IP mode file for STMicroelectronics.X-CUBE-AZRTOS-WB.2.0.0
2024-09-17 23:57:56,443 [WARN] ConditionMgr:1038 - genDependencies : Invalid condition id : UX DEVICE CLASS RTOS Condition cause : null
2024-09-17 23:57:56,443 [WARN] ConditionMgr:1038 - genDependencies : Invalid condition id : UX DEVICE CLASS RTOS Condition cause : null
2024-09-17 23:57:56,443 [WARN] ConditionMgr:1038 - genDependencies : Invalid condition id : UX DEVICE CLASS RTOS Condition cause : null
2024-09-17 23:57:56,444 [WARN] ConditionMgr:1038 - genDependencies : Invalid condition id : UX DEVICE CLASS RTOS Condition cause : null
2024-09-17 23:57:56,444 [WARN] ConditionMgr:1038 - genDependencies : Invalid condition id : UX DEVICE CLASS RTOS Condition cause : null
2024-09-17 23:57:56,446 [WARN] PackLoader:238 - Cannot read IP mode file for STMicroelectronics.X-CUBE-GNSS1.7.0.0
2024-09-17 23:57:56,453 [WARN] PackLoader:238 - Cannot read IP mode file for STMicroelectronics.X-CUBE-SUBG2.5.0.0
2024-09-17 23:57:56,457 [ERROR] Engine:463 - C:\Users\PC\.stm32cubemx\thirdparties\pdsc\Cesanta.I-CUBE-Mongoose.7.13.0.pdsc: PDSC version is not supported
2024-09-17 23:57:56,469 [WARN] PackLoader:238 - Cannot read IP mode file for STMicroelectronics.X-CUBE-AZRTOS-G4.2.0.0
2024-09-17 23:57:56,473 [WARN] PackLoader:238 - Cannot read IP mode file for STMicroelectronics.X-CUBE-TOUCHGFX.4.24.0
2024-09-17 23:57:56,476 [WARN] PackLoader:238 - Cannot read IP mode file for wolfSSL.I-CUBE-wolfTPM.3.4.0
2024-09-17 23:57:56,481 [WARN] PackLoader:238 - Cannot read IP mode file for portGmbH.I-Cube-SoM-uGOAL.1.1.0
2024-09-17 23:57:56,499 [WARN] PackLoader:238 - Cannot read IP mode file for STMicroelectronics.X-CUBE-AZRTOS-H7RS.1.0.0
2024-09-17 23:57:56,505 [ERROR] Engine:463 - C:\Users\PC\.stm32cubemx\thirdparties\pdsc\STMicroelectronics.X-CUBE-TOF1.3.4.2.pdsc: PDSC version is not supported
2024-09-17 23:57:56,508 [ERROR] Engine:463 - C:\Users\PC\.stm32cubemx\thirdparties\pdsc\Infineon.AIROC-Wi-Fi-Bluetooth-STM32.1.6.1.pdsc: PDSC version is not supported
2024-09-17 23:57:56,510 [WARN] PackLoader:238 - Cannot read IP mode file for wolfSSL.I-CUBE-wolfSSH.1.4.17
2024-09-17 23:57:56,510 [INFO] ThirdParty:915 - Integrity check success = true
2024-09-17 23:57:56,510 [INFO] IntegrityCheckThread:94 - exiting critical section [integrity check]
2024-09-17 23:57:56,510 [INFO] IntegrityCheckThread:97 - End integrity checks thread
2024-09-17 23:57:56,686 [INFO] ApiDb:251 - Load user favorites file C:\Users\PC/.stm32cubeide/favorites.boards.txt: 0 item(s)
2024-09-17 23:57:56,686 [INFO] ApiDb:255 - User favorites Boards=[]
2024-09-17 23:57:56,686 [INFO] DbBoards:206 - Set 0 / 0 favorites Boards
2024-09-17 23:58:11,797 [INFO] DbMcusDocs:143 - JSON generation date=Tue Nov 16 23:17:54 ICT 2021 (1637079474)
2024-09-17 23:58:11,949 [INFO] DbMcusDocs:79 - Found 682 MCUs documents
2024-09-17 23:59:49,816 [INFO] MainUpdater:2671 - connection check result : 10
2024-09-17 23:59:49,817 [INFO] MainUpdater:2671 - connection check result : 10
2024-09-17 23:59:49,852 [INFO] MicroXplorer:448 - Change Database Path : 
2024-09-17 23:59:49,852 [INFO] MicroXplorer:478 - Change Database Version : DB.6.0.30
2024-09-17 23:59:49,853 [WARN] ThirdParty:813 - waiting for thirdparty lock release [close project]
2024-09-17 23:59:49,853 [INFO] ThirdParty:815 - entering critical section [close project]
2024-09-17 23:59:49,853 [INFO] ThirdParty:825 - exiting critical section [close project]
2024-09-17 23:59:49,855 [INFO] PinOutPanel:1463 - setPackage(No Configuration,No Configuration)
2024-09-17 23:59:49,856 [INFO] UtilMem:74 - Begin LoadConfig() Used Memory: 898395104 Bytes (904921088)
2024-09-17 23:59:49,856 [INFO] MicroXplorer:448 - Change Database Path : 
2024-09-17 23:59:49,857 [INFO] MicroXplorer:478 - Change Database Version : DB.6.0.30
2024-09-17 23:59:49,857 [INFO] OpenFileManager:313 - Change cursor
2024-09-17 23:59:50,411 [INFO] Context:592 - Trying to add GPIOservice into a context  which must be forbidden
2024-09-17 23:59:50,555 [INFO] ImportTextPane:167 - (OptionalMessage_ERROR) Unable to find key (Mcu.ThirdPartyNb) in loaded IOC file
2024-09-17 23:59:50,556 [INFO] ImportTextPane:167 - (OptionalMessage_ERROR) Unable to find key (Mcu.PinsNb) in loaded IOC file
2024-09-17 23:59:50,556 [INFO] ImportTextPane:167 - (OptionalMessage_ERROR) Unable to find key (Mcu.IPNb) in loaded IOC file
2024-09-17 23:59:50,584 [WARN] ApiManager:304 - Cannot register API 'Board Extension:GNSS1A1' from pack STMicroelectronics.X-CUBE-GNSS1.6.0.0: no header file found
2024-09-17 23:59:50,584 [WARN] ApiManager:304 - Cannot register API 'Board Support:Custom' from pack STMicroelectronics.X-CUBE-GNSS1.6.0.0: no header file found
2024-09-17 23:59:50,584 [WARN] ApiManager:304 - Cannot register API 'Data Exchange:lib_gnss' from pack STMicroelectronics.X-CUBE-GNSS1.6.0.0: no header file found
2024-09-17 23:59:50,589 [WARN] ModelIntegratedComponent:60 - No mode defined for component null
2024-09-17 23:59:50,589 [WARN] ModelIntegratedComponent:60 - No mode defined for component null
2024-09-17 23:59:50,589 [WARN] ModelIntegratedComponent:60 - No mode defined for component null
2024-09-17 23:59:50,589 [WARN] ModelIntegratedComponent:60 - No mode defined for component null
2024-09-17 23:59:50,589 [WARN] ModelIntegratedComponent:60 - No mode defined for component null
2024-09-17 23:59:50,589 [WARN] ModelIntegratedComponent:60 - No mode defined for component null
2024-09-17 23:59:50,589 [WARN] ModelIntegratedComponent:60 - No mode defined for component null
2024-09-17 23:59:50,589 [WARN] ModelIntegratedComponent:60 - No mode defined for component null
2024-09-17 23:59:50,589 [WARN] ModelIntegratedComponent:60 - No mode defined for component null
2024-09-17 23:59:50,589 [WARN] ModelIntegratedComponent:60 - No mode defined for component null
2024-09-17 23:59:50,589 [WARN] ModelIntegratedComponent:60 - No mode defined for component null
2024-09-17 23:59:50,589 [WARN] ModelIntegratedComponent:60 - No mode defined for component null
2024-09-17 23:59:50,589 [WARN] ModelIntegratedComponent:60 - No mode defined for component null
2024-09-17 23:59:50,589 [WARN] ModelIntegratedComponent:60 - No mode defined for component null
2024-09-17 23:59:50,589 [WARN] ModelIntegratedComponent:60 - No mode defined for component null
2024-09-17 23:59:50,589 [WARN] ModelIntegratedComponent:60 - No mode defined for component null
2024-09-17 23:59:50,589 [WARN] ModelIntegratedComponent:60 - No mode defined for component null
2024-09-17 23:59:50,589 [WARN] ModelIntegratedComponent:60 - No mode defined for component null
2024-09-17 23:59:50,589 [WARN] ModelIntegratedComponent:60 - No mode defined for component null
2024-09-17 23:59:50,589 [WARN] ModelIntegratedComponent:60 - No mode defined for component null
2024-09-17 23:59:50,589 [WARN] ModelIntegratedComponent:60 - No mode defined for component null
2024-09-17 23:59:50,589 [WARN] ModelIntegratedComponent:60 - No mode defined for component null
2024-09-17 23:59:50,589 [WARN] ModelIntegratedComponent:60 - No mode defined for component null
2024-09-17 23:59:50,589 [WARN] ModelIntegratedComponent:60 - No mode defined for component null
2024-09-17 23:59:50,589 [WARN] ModelIntegratedComponent:60 - No mode defined for component null
2024-09-17 23:59:50,589 [WARN] ModelIntegratedComponent:60 - No mode defined for component null
2024-09-17 23:59:50,589 [WARN] ModelIntegratedComponent:60 - No mode defined for component null
2024-09-17 23:59:50,589 [WARN] ModelIntegratedComponent:60 - No mode defined for component null
2024-09-17 23:59:50,589 [WARN] ModelIntegratedComponent:60 - No mode defined for component null
2024-09-17 23:59:50,589 [WARN] ModelIntegratedComponent:60 - No mode defined for component null
2024-09-17 23:59:50,589 [WARN] ModelIntegratedComponent:60 - No mode defined for component null
2024-09-17 23:59:50,591 [WARN] ApiManager:304 - Cannot register API 'Board Extension:NFC07A1' from pack STMicroelectronics.X-CUBE-NFC7.1.0.1: no header file found
2024-09-17 23:59:50,592 [WARN] ApiManager:304 - Cannot register API 'Board Extension:GNSS1A1' from pack STMicroelectronics.X-CUBE-GNSS1.7.0.0: no header file found
2024-09-17 23:59:50,592 [WARN] ApiManager:304 - Cannot register API 'Board Support:Custom' from pack STMicroelectronics.X-CUBE-GNSS1.7.0.0: no header file found
2024-09-17 23:59:50,592 [WARN] ApiManager:304 - Cannot register API 'Data Exchange:lib_gnss' from pack STMicroelectronics.X-CUBE-GNSS1.7.0.0: no header file found
2024-09-17 23:59:50,600 [INFO] RtosManager:484 - Registered RTOS mode: class=CMSIS, group=RTOS, mode=CMSIS_V1, owner=FREERTOS
2024-09-17 23:59:50,600 [INFO] RtosManager:484 - Registered RTOS mode: class=CMSIS, group=RTOS2, mode=CMSIS_V2, owner=FREERTOS
2024-09-17 23:59:50,600 [INFO] RtosManager:484 - Registered RTOS mode: class=RTOS, group=Core, mode=CMSIS_V1, owner=FREERTOS
2024-09-17 23:59:50,600 [INFO] RtosManager:484 - Registered RTOS mode: class=RTOS, group=Core, mode=CMSIS_V2, owner=FREERTOS
2024-09-17 23:59:50,600 [WARN] ModelIntegratedComponent:181 - Missing modes for component STMicroelectronics:FreeRTOS:0.0.1:STMicroelectronics:RTOS:FreeRTOS:Core:::10.2.0:
2024-09-17 23:59:50,601 [WARN] ApiManager:304 - Cannot register API 'Board Extension:STSAFEA1' from pack STMicroelectronics.X-CUBE-SAFEA1.1.2.2: no header file found
2024-09-17 23:59:50,601 [WARN] ApiManager:304 - Cannot register API 'Board Part:STSAFEA110' from pack STMicroelectronics.X-CUBE-SAFEA1.1.2.2: no header file found
2024-09-17 23:59:50,601 [WARN] ApiManager:304 - Cannot register API 'Security:ST_Cryptolib' from pack STMicroelectronics.X-CUBE-SAFEA1.1.2.2: no header file found
2024-09-17 23:59:50,601 [WARN] ApiManager:304 - Cannot register API 'Security:MbedTLS' from pack STMicroelectronics.X-CUBE-SAFEA1.1.2.2: no header file found
2024-09-17 23:59:50,603 [WARN] ApiManager:304 - Cannot register API 'Board Extension:S2868A1' from pack STMicroelectronics.X-CUBE-SUBG2.5.0.0: no header file found
2024-09-17 23:59:50,603 [WARN] ApiManager:304 - Cannot register API 'Board Extension:S2868A2' from pack STMicroelectronics.X-CUBE-SUBG2.5.0.0: no header file found
2024-09-17 23:59:50,604 [WARN] ApiManager:304 - Cannot register API 'Board Extension:S2915A1' from pack STMicroelectronics.X-CUBE-SUBG2.5.0.0: no header file found
2024-09-17 23:59:50,606 [WARN] ApiManager:304 - Cannot register API 'Board Extension:S2868A1' from pack STMicroelectronics.X-CUBE-SFXS2LP1.4.0.0: no header file found
2024-09-17 23:59:50,606 [WARN] ApiManager:304 - Cannot register API 'Board Extension:S2868A2' from pack STMicroelectronics.X-CUBE-SFXS2LP1.4.0.0: no header file found
2024-09-17 23:59:50,606 [WARN] ApiManager:304 - Cannot register API 'Board Extension:S2915A1' from pack STMicroelectronics.X-CUBE-SFXS2LP1.4.0.0: no header file found
2024-09-17 23:59:50,904 [INFO] UtilMem:74 - End LoadConfig() Used Memory: 772418936 Bytes (904921088)
2024-09-17 23:59:50,912 [WARN] ThirdParty:779 - waiting for thirdparty lock release [change project]
2024-09-17 23:59:50,913 [INFO] ThirdParty:781 - entering critical section [change project]
2024-09-17 23:59:50,913 [INFO] ThirdParty:967 - CMSIS Pack Vendor :STMicroelectronics X-CUBE-AZRTOS-H7 3.3.0
2024-09-17 23:59:50,913 [INFO] ThirdParty:967 - CMSIS Pack Vendor :STMicroelectronics X-CUBE-GNSS1 6.0.0
2024-09-17 23:59:50,913 [INFO] ThirdParty:967 - CMSIS Pack Vendor :STMicroelectronics USB_HOST 2.0.0
2024-09-17 23:59:50,913 [INFO] ThirdParty:967 - CMSIS Pack Vendor :STMicroelectronics X-CUBE-AZRTOS-F4 1.1.0
2024-09-17 23:59:50,913 [INFO] ThirdParty:967 - CMSIS Pack Vendor :wolfSSL I-CUBE-wolfSSL 5.7.2
2024-09-17 23:59:50,913 [INFO] ThirdParty:967 - CMSIS Pack Vendor :STMicroelectronics USB_DEVICE 3.0.0
2024-09-17 23:59:50,913 [INFO] ThirdParty:967 - CMSIS Pack Vendor :STMicroelectronics HAL Drivers 0.0.0
2024-09-17 23:59:50,913 [INFO] ThirdParty:967 - CMSIS Pack Vendor :STMicroelectronics MBEDTLS 2.16.2
2024-09-17 23:59:50,913 [INFO] ThirdParty:967 - CMSIS Pack Vendor :STMicroelectronics X-CUBE-AZRTOS-WB 2.0.0
2024-09-17 23:59:50,913 [INFO] ThirdParty:967 - CMSIS Pack Vendor :STMicroelectronics X-CUBE-NFC7 1.0.1
2024-09-17 23:59:50,913 [INFO] ThirdParty:967 - CMSIS Pack Vendor :STMicroelectronics X-CUBE-GNSS1 7.0.0
2024-09-17 23:59:50,913 [INFO] ThirdParty:967 - CMSIS Pack Vendor :STMicroelectronics MBEDTLS 2.14.1
2024-09-17 23:59:50,913 [INFO] ThirdParty:967 - CMSIS Pack Vendor :STMicroelectronics X-CUBE-TOUCHGFX 4.24.0
2024-09-17 23:59:50,914 [INFO] ThirdParty:967 - CMSIS Pack Vendor :STMicroelectronics X-CUBE-AZRTOS-F7 1.1.0
2024-09-17 23:59:50,914 [INFO] ThirdParty:967 - CMSIS Pack Vendor :STMicroelectronics X-CUBE-AZRTOS-L5 2.0.0
2024-09-17 23:59:50,914 [INFO] ThirdParty:967 - CMSIS Pack Vendor :wolfSSL I-CUBE-wolfTPM 3.4.0
2024-09-17 23:59:50,914 [INFO] ThirdParty:967 - CMSIS Pack Vendor :portGmbH I-Cube-SoM-uGOAL 1.1.0
2024-09-17 23:59:50,914 [INFO] ThirdParty:967 - CMSIS Pack Vendor :STMicroelectronics USB_DEVICE 2.0.0
2024-09-17 23:59:50,914 [INFO] ThirdParty:967 - CMSIS Pack Vendor :STMicroelectronics X-CUBE-AZRTOS-WL 2.0.0
2024-09-17 23:59:50,914 [INFO] ThirdParty:967 - CMSIS Pack Vendor :SEGGER I-CUBE-embOS 1.3.1
2024-09-17 23:59:50,914 [INFO] ThirdParty:967 - CMSIS Pack Vendor :STMicroelectronics X-CUBE-ALGOBUILD 1.4.0
2024-09-17 23:59:50,914 [INFO] ThirdParty:967 - CMSIS Pack Vendor :STMicroelectronics FreeRTOS 0.0.1
2024-09-17 23:59:50,914 [INFO] ThirdParty:967 - CMSIS Pack Vendor :STMicroelectronics X-CUBE-AZRTOS-G0 1.1.0
2024-09-17 23:59:50,914 [INFO] ThirdParty:967 - CMSIS Pack Vendor :STMicroelectronics USB_DEVICE 1.0.0
2024-09-17 23:59:50,914 [INFO] ThirdParty:967 - CMSIS Pack Vendor :STMicroelectronics X-CUBE-SAFEA1 1.2.2
2024-09-17 23:59:50,914 [INFO] ThirdParty:967 - CMSIS Pack Vendor :STMicroelectronics X-CUBE-SUBG2 5.0.0
2024-09-17 23:59:50,914 [INFO] ThirdParty:967 - CMSIS Pack Vendor :STMicroelectronics X-CUBE-AZRTOS-H7RS 1.0.0
2024-09-17 23:59:50,914 [INFO] ThirdParty:967 - CMSIS Pack Vendor :wolfSSL I-CUBE-wolfMQTT 1.19.0
2024-09-17 23:59:50,914 [INFO] ThirdParty:967 - CMSIS Pack Vendor :STMicroelectronics X-CUBE-AZRTOS-L4 2.0.0
2024-09-17 23:59:50,914 [INFO] ThirdParty:967 - CMSIS Pack Vendor :STMicroelectronics ThreadX 0.0.2
2024-09-17 23:59:50,914 [INFO] ThirdParty:967 - CMSIS Pack Vendor :WES I-CUBE-Cesium 1.3.0
2024-09-17 23:59:50,915 [INFO] ThirdParty:967 - CMSIS Pack Vendor :STMicroelectronics lwIP 2.0.3
2024-09-17 23:59:50,915 [INFO] ThirdParty:967 - CMSIS Pack Vendor :STMicroelectronics lwIP 2.1.2
2024-09-17 23:59:50,915 [INFO] ThirdParty:967 - CMSIS Pack Vendor :STMicroelectronics X-CUBE-SFXS2LP1 4.0.0
2024-09-17 23:59:50,915 [INFO] ThirdParty:967 - CMSIS Pack Vendor :STMicroelectronics USB_HOST 1.0.0
2024-09-17 23:59:50,915 [INFO] ThirdParty:967 - CMSIS Pack Vendor :STMicroelectronics X-CUBE-AZRTOS-G4 2.0.0
2024-09-17 23:59:50,915 [INFO] ThirdParty:967 - CMSIS Pack Vendor :STMicroelectronics PDM2PCM 3.1.0
2024-09-17 23:59:50,915 [INFO] ThirdParty:967 - CMSIS Pack Vendor :STMicroelectronics PDM2PCM 3.2.0
2024-09-17 23:59:50,915 [INFO] ThirdParty:967 - CMSIS Pack Vendor :wolfSSL I-CUBE-wolfSSH 1.4.17
2024-09-17 23:59:50,915 [INFO] ThirdParty:967 - CMSIS Pack Vendor :STMicroelectronics PDM2PCM 3.3.0
2024-09-17 23:59:50,915 [INFO] ThirdParty:787 - exiting critical section [change project]
2024-09-17 23:59:51,055 [INFO] PinOutPanel:1463 - setPackage(No Configuration,No Configuration)
2024-09-17 23:59:51,055 [INFO] PinOutPanel:1463 - setPackage(STM32F103C6Ux,UFQFPN48)
2024-09-17 23:59:51,266 [INFO] UtilMem:74 - Before build in PCC Used Memory: 779947168 Bytes (904921088)
2024-09-17 23:59:51,690 [INFO] UtilMem:74 - After build in PCC Used Memory: 783909240 Bytes (904921088)
2024-09-17 23:59:51,706 [INFO] IPUIPlugin:74 - create IPUIPlugin
2024-09-17 23:59:51,707 [INFO] IPUIPlugin:74 - create IPUIPlugin
2024-09-17 23:59:51,707 [INFO] IPUIPlugin:74 - create IPUIPlugin
2024-09-17 23:59:51,707 [INFO] IPUIPlugin:74 - create IPUIPlugin
2024-09-17 23:59:51,707 [INFO] IPUIPlugin:74 - create IPUIPlugin
2024-09-17 23:59:51,707 [INFO] IPUIPlugin:74 - create IPUIPlugin
2024-09-17 23:59:51,708 [INFO] IPUIPlugin:74 - create IPUIPlugin
2024-09-17 23:59:51,708 [INFO] IPUIPlugin:74 - create IPUIPlugin
2024-09-17 23:59:51,708 [INFO] IPUIPlugin:74 - create IPUIPlugin
2024-09-17 23:59:51,708 [INFO] IPUIPlugin:74 - create IPUIPlugin
2024-09-17 23:59:51,708 [INFO] IPUIPlugin:74 - create IPUIPlugin
2024-09-17 23:59:51,708 [INFO] IPUIPlugin:74 - create IPUIPlugin
2024-09-17 23:59:51,708 [INFO] IPUIPlugin:74 - create IPUIPlugin
2024-09-17 23:59:51,709 [INFO] IPUIPlugin:74 - create IPUIPlugin
2024-09-17 23:59:51,709 [INFO] IPUIPlugin:74 - create IPUIPlugin
2024-09-17 23:59:51,709 [INFO] IPUIPlugin:74 - create IPUIPlugin
2024-09-17 23:59:51,710 [INFO] IPUIPlugin:74 - create IPUIPlugin
2024-09-17 23:59:51,710 [INFO] IPUIPlugin:74 - create IPUIPlugin
2024-09-17 23:59:51,710 [INFO] IPUIPlugin:74 - create IPUIPlugin
2024-09-17 23:59:51,711 [INFO] IPUIPlugin:74 - create IPUIPlugin
2024-09-17 23:59:51,711 [INFO] IPUIPlugin:74 - create IPUIPlugin
2024-09-17 23:59:51,712 [INFO] IPUIPlugin:74 - create IPUIPlugin
2024-09-17 23:59:51,712 [INFO] IPUIPlugin:74 - create IPUIPlugin
2024-09-17 23:59:51,806 [INFO] OpenFileManager:333 - Restore cursor
2024-09-17 23:59:52,015 [INFO] UtilMem:74 - End SaveConfig() Used Memory: 807039496 Bytes (904921088)
2024-09-17 23:59:52,037 [INFO] UtilMem:74 - End SaveConfig() Used Memory: 819096072 Bytes (904921088)
2024-09-17 23:59:52,206 [INFO] BlockDiagram:2740 - set Specific Code input for plugin: NVIC
2024-09-17 23:59:52,207 [INFO] BlockDiagram:2740 - set Specific Code input for plugin: SYS
2024-09-17 23:59:52,207 [INFO] BlockDiagram:2740 - set Specific Code input for plugin: RCC
2024-09-17 23:59:52,207 [INFO] CodeGenerator:663 - code generatio: config db path: C:\ST\STM32CubeIDE_1.7.0\STM32CubeIDE\plugins\com.st.stm32cube.common.mx_6.3.0.202107141111\\db\
2024-09-17 23:59:52,372 [INFO] CodeEngine:239 - oldGeneratedFile, D:\VXL_1\LAB1\Exercise\MXTmpFiles\license.tmp_save
2024-09-17 23:59:52,574 [INFO] CodeEngine:257 - Generated code: D:\VXL_1\LAB1\Exercise\MXTmpFiles\license.tmp
2024-09-17 23:59:52,652 [INFO] CodeEngine:239 - oldGeneratedFile, D:\VXL_1\LAB1\Exercise\Core\Src\stm32f1xx_it.c_save
2024-09-17 23:59:52,736 [INFO] CodeEngine:257 - Generated code: D:\VXL_1\LAB1\Exercise\Core\Src\stm32f1xx_it.c
2024-09-17 23:59:52,743 [INFO] CodeEngine:239 - oldGeneratedFile, D:\VXL_1\LAB1\Exercise\Core\Inc\stm32f1xx_it.h_save
2024-09-17 23:59:52,792 [INFO] CodeEngine:257 - Generated code: D:\VXL_1\LAB1\Exercise\Core\Inc\stm32f1xx_it.h
2024-09-17 23:59:52,802 [INFO] CodeEngine:239 - oldGeneratedFile, D:\VXL_1\LAB1\Exercise\Core\Src\stm32f1xx_hal_msp.c_save
2024-09-17 23:59:52,867 [INFO] CodeEngine:257 - Generated code: D:\VXL_1\LAB1\Exercise\Core\Src\stm32f1xx_hal_msp.c
2024-09-17 23:59:52,872 [INFO] CodeEngine:239 - oldGeneratedFile, D:\VXL_1\LAB1\Exercise\MXTmpFiles\system.tmp_save
2024-09-17 23:59:52,915 [INFO] CodeEngine:257 - Generated code: D:\VXL_1\LAB1\Exercise\MXTmpFiles\system.tmp
2024-09-17 23:59:52,922 [INFO] CodeEngine:239 - oldGeneratedFile, D:\VXL_1\LAB1\Exercise\Core\Inc\stm32f1xx_hal_conf.h_save
2024-09-17 23:59:52,971 [INFO] CodeEngine:257 - Generated code: D:\VXL_1\LAB1\Exercise\Core\Inc\stm32f1xx_hal_conf.h
2024-09-17 23:59:53,003 [INFO] CodeEngine:239 - oldGeneratedFile, D:\VXL_1\LAB1\Exercise\Core\Inc\main.h_save
2024-09-17 23:59:53,060 [INFO] CodeEngine:257 - Generated code: D:\VXL_1\LAB1\Exercise\Core\Inc\main.h
2024-09-17 23:59:53,069 [INFO] CodeEngine:239 - oldGeneratedFile, D:\VXL_1\LAB1\Exercise\Core\Src\main.c_save
2024-09-17 23:59:53,181 [INFO] CodeEngine:257 - Generated code: D:\VXL_1\LAB1\Exercise\Core\Src\main.c
2024-09-17 23:59:53,626 [INFO] ProjectBuilder:2578 - Time for Copy HAL[1] : 47mS.
2024-09-17 23:59:53,629 [INFO] ProjectBuilder:3622 - Project Generator version: 3.14.1
2024-09-17 23:59:53,862 [INFO] ConfigFileManager:1271 - The Die is : DIE412
2024-09-17 23:59:53,878 [INFO] ApiDbMcu:468 - Load IP Config File for FATFS
2024-09-17 23:59:53,901 [INFO] ApiDbMcu:468 - Load IP Config File for FREERTOS
2024-09-17 23:59:53,919 [INFO] ApiDbMcu:468 - Load IP Config File for USB_DEVICE
2024-09-17 23:59:57,720 [INFO] ProjectBuilder:3789 - Time for Generating toolchain IDE Files: 4091mS.
2024-09-17 23:59:57,720 [INFO] ProjectBuilder:2457 - Time for Copy CMSIS : 0mS.
2024-09-17 23:59:57,721 [INFO] ProjectBuilder:2457 - Time for Copy CMSIS : 0mS.
2024-09-17 23:59:58,667 [INFO] McuFinderGlobals:52 - Set McuFinderConnectedMode to true
2024-09-17 23:59:58,669 [INFO] ApiDb:276 - Save user favorites file C:\Users\PC/.stm32cubeide/favorites.mcus.txt: 0 item(s)
2024-09-17 23:59:58,669 [INFO] ApiDb:280 - User favorites MCUs=[]
